<?xml version="1.0" encoding="UTF-8"?>
<!-- Generated by org.testng.reporters.JUnitXMLReporter -->
<testsuite hostname="DESKTOP-O2V6U4O" ignored="0" name="Default test" tests="4" failures="0" timestamp="2020-05-17T12:17:25 BST" time="0.214" errors="0">
  <testcase name="loginTest" time="0.036" classname="testngtests.TestExecutionOrder"/>
  <testcase name="logOutTest" time="0.004" classname="testngtests.TestExecutionOrder"/>
  <testcase name="addToCartTest" time="0.004" classname="testngtests.TestExecutionOrder"/>
  <testcase name="forgotPasswordTest" time="0.009" classname="testngtests.TestExecutionOrder"/>
</testsuite> <!-- Default test -->
