<?xml version="1.0" encoding="UTF-8"?>
<!-- Generated by org.testng.reporters.JUnitXMLReporter -->
<testsuite hostname="DESKTOP-O2V6U4O" ignored="0" name="Default test" tests="3" failures="0" timestamp="2020-05-23T11:31:23 BST" time="244.518" errors="0">
  <testcase name="userRegistrationTest" time="29.636" classname="testngtests.ParameterisationUsinDataProvider"/>
  <testcase name="userRegistrationTest" time="17.568" classname="testngtests.ParameterisationUsinDataProvider"/>
  <testcase name="userRegistrationTest" time="2.415" classname="testngtests.ParameterisationUsinDataProvider"/>
</testsuite> <!-- Default test -->
