<?xml version="1.0" encoding="UTF-8"?>
<!-- Generated by org.testng.reporters.JUnitXMLReporter -->
<testsuite hostname="DESKTOP-O2V6U4O" ignored="0" name="My Account - Addresses Test" tests="4" failures="0" timestamp="2020-05-17T12:34:35 BST" time="0.337" errors="0">
  <testcase name="loginTest" time="0.067" classname="testngtests.TestExecutionOrder"/>
  <testcase name="logOutTest" time="0.026" classname="testngtests.TestExecutionOrder"/>
  <testcase name="addToCartTest" time="0.019" classname="testngtests.TestExecutionOrder"/>
  <testcase name="forgotPasswordTest" time="0.005" classname="testngtests.TestExecutionOrder"/>
</testsuite> <!-- My Account - Addresses Test -->
