<?xml version="1.0" encoding="UTF-8"?>
<!-- Generated by org.testng.reporters.JUnitXMLReporter -->
<testsuite hostname="DESKTOP-O2V6U4O" ignored="0" name="My Account - Addresses Test" tests="4" failures="0" timestamp="2020-05-23T09:50:47 BST" time="0.262" errors="0">
  <testcase name="loginTest" time="0.042" classname="testngtests.TestExecutionOrder"/>
  <testcase name="logOutTest" time="0.017" classname="testngtests.TestExecutionOrder"/>
  <testcase name="addToCartTest" time="0.01" classname="testngtests.TestExecutionOrder"/>
  <testcase name="forgotPasswordTest" time="0.006" classname="testngtests.TestExecutionOrder"/>
</testsuite> <!-- My Account - Addresses Test -->
