<?xml version="1.0" encoding="UTF-8"?>
<testng-results skipped="0" failed="0" ignored="0" total="3" passed="3">
  <reporter-output>
  </reporter-output>
  <suite name="Default suite" duration-ms="244518" started-at="2020-05-23T11:27:19 BST" finished-at="2020-05-23T11:31:23 BST">
    <groups>
    </groups>
    <test name="Default test" duration-ms="244518" started-at="2020-05-23T11:27:19 BST" finished-at="2020-05-23T11:31:23 BST">
      <class name="testngtests.ParameterisationUsinDataProvider">
        <test-method status="PASS" signature="befMethod()[pri:0, instance:testngtests.ParameterisationUsinDataProvider@3c46e67a]" name="befMethod" is-config="true" duration-ms="18770" started-at="2020-05-23T11:29:38 BST" finished-at="2020-05-23T11:29:57 BST">
          <reporter-output>
          </reporter-output>
        </test-method> <!-- befMethod -->
        <test-method status="PASS" signature="userRegistrationTest(java.lang.String, java.lang.String, java.lang.String, int)[pri:0, instance:testngtests.ParameterisationUsinDataProvider@3c46e67a]" name="userRegistrationTest" duration-ms="29636" started-at="2020-05-23T11:29:57 BST" data-provider="femaleUserDataProvider" finished-at="2020-05-23T11:30:27 BST">
          <params>
            <param index="0">
              <value>
                <![CDATA[praveena]]>
              </value>
            </param>
            <param index="1">
              <value>
                <![CDATA[female]]>
              </value>
            </param>
            <param index="2">
              <value>
                <![CDATA[password1]]>
              </value>
            </param>
            <param index="3">
              <value>
                <![CDATA[31]]>
              </value>
            </param>
          </params>
          <reporter-output>
          </reporter-output>
        </test-method> <!-- userRegistrationTest -->
        <test-method status="PASS" signature="AfMethod()[pri:0, instance:testngtests.ParameterisationUsinDataProvider@3c46e67a]" name="AfMethod" is-config="true" duration-ms="15599" started-at="2020-05-23T11:30:27 BST" finished-at="2020-05-23T11:30:42 BST">
          <reporter-output>
          </reporter-output>
        </test-method> <!-- AfMethod -->
        <test-method status="PASS" signature="befMethod()[pri:0, instance:testngtests.ParameterisationUsinDataProvider@3c46e67a]" name="befMethod" is-config="true" duration-ms="10973" started-at="2020-05-23T11:30:42 BST" finished-at="2020-05-23T11:30:53 BST">
          <reporter-output>
          </reporter-output>
        </test-method> <!-- befMethod -->
        <test-method status="PASS" signature="userRegistrationTest(java.lang.String, java.lang.String, java.lang.String, int)[pri:0, instance:testngtests.ParameterisationUsinDataProvider@3c46e67a]" name="userRegistrationTest" duration-ms="17568" started-at="2020-05-23T11:30:53 BST" data-provider="femaleUserDataProvider" finished-at="2020-05-23T11:31:11 BST">
          <params>
            <param index="0">
              <value>
                <![CDATA[Ankitha]]>
              </value>
            </param>
            <param index="1">
              <value>
                <![CDATA[female]]>
              </value>
            </param>
            <param index="2">
              <value>
                <![CDATA[password2]]>
              </value>
            </param>
            <param index="3">
              <value>
                <![CDATA[31]]>
              </value>
            </param>
          </params>
          <reporter-output>
          </reporter-output>
        </test-method> <!-- userRegistrationTest -->
        <test-method status="PASS" signature="AfMethod()[pri:0, instance:testngtests.ParameterisationUsinDataProvider@3c46e67a]" name="AfMethod" is-config="true" duration-ms="2865" started-at="2020-05-23T11:31:11 BST" finished-at="2020-05-23T11:31:14 BST">
          <reporter-output>
          </reporter-output>
        </test-method> <!-- AfMethod -->
        <test-method status="PASS" signature="befMethod()[pri:0, instance:testngtests.ParameterisationUsinDataProvider@3c46e67a]" name="befMethod" is-config="true" duration-ms="3677" started-at="2020-05-23T11:31:14 BST" finished-at="2020-05-23T11:31:17 BST">
          <reporter-output>
          </reporter-output>
        </test-method> <!-- befMethod -->
        <test-method status="PASS" signature="userRegistrationTest(java.lang.String, java.lang.String, java.lang.String, int)[pri:0, instance:testngtests.ParameterisationUsinDataProvider@3c46e67a]" name="userRegistrationTest" duration-ms="2415" started-at="2020-05-23T11:31:17 BST" data-provider="femaleUserDataProvider" finished-at="2020-05-23T11:31:20 BST">
          <params>
            <param index="0">
              <value>
                <![CDATA[ramya]]>
              </value>
            </param>
            <param index="1">
              <value>
                <![CDATA[female]]>
              </value>
            </param>
            <param index="2">
              <value>
                <![CDATA[password3]]>
              </value>
            </param>
            <param index="3">
              <value>
                <![CDATA[31]]>
              </value>
            </param>
          </params>
          <reporter-output>
          </reporter-output>
        </test-method> <!-- userRegistrationTest -->
        <test-method status="PASS" signature="AfMethod()[pri:0, instance:testngtests.ParameterisationUsinDataProvider@3c46e67a]" name="AfMethod" is-config="true" duration-ms="3292" started-at="2020-05-23T11:31:20 BST" finished-at="2020-05-23T11:31:23 BST">
          <reporter-output>
          </reporter-output>
        </test-method> <!-- AfMethod -->
      </class> <!-- testngtests.ParameterisationUsinDataProvider -->
    </test> <!-- Default test -->
  </suite> <!-- Default suite -->
</testng-results>
